<?xml version="1.0" encoding="UTF-8"?>
<testng-results ignored="0" total="2" passed="2" failed="0" skipped="0">
  <reporter-output>
  </reporter-output>
  <suite started-at="2020-05-13T12:59:44 IST" name="Default suite" finished-at="2020-05-13T13:00:58 IST" duration-ms="74373">
    <groups>
    </groups>
    <test started-at="2020-05-13T12:59:44 IST" name="Default test" finished-at="2020-05-13T13:00:58 IST" duration-ms="74373">
      <class name="TestNGFrame.ImplementLog4J">
        <test-method is-config="true" signature="setup()[pri:0, instance:TestNGFrame.ImplementLog4J@6aeb35e6]" started-at="2020-05-13T12:59:44 IST" name="setup" finished-at="2020-05-13T12:59:44 IST" duration-ms="215" status="PASS">
          <reporter-output>
          </reporter-output>
        </test-method> <!-- setup -->
        <test-method signature="register(java.lang.String, java.lang.String, java.lang.String, java.lang.String, java.lang.String)[pri:0, instance:TestNGFrame.ImplementLog4J@6aeb35e6]" started-at="2020-05-13T12:59:45 IST" name="register" data-provider="getTestData" finished-at="2020-05-13T13:00:28 IST" duration-ms="43230" status="PASS">
          <params>
            <param index="0">
              <value>
                <![CDATA[Sudhanya]]>
              </value>
            </param>
            <param index="1">
              <value>
                <![CDATA[sudu@gmail.com]]>
              </value>
            </param>
            <param index="2">
              <value>
                <![CDATA[8903445345]]>
              </value>
            </param>
            <param index="3">
              <value>
                <![CDATA[Male]]>
              </value>
            </param>
            <param index="4">
              <value>
                <![CDATA[India]]>
              </value>
            </param>
          </params>
          <reporter-output>
          </reporter-output>
        </test-method> <!-- register -->
        <test-method is-config="true" signature="getResult(org.testng.ITestResult)[pri:0, instance:TestNGFrame.ImplementLog4J@6aeb35e6]" started-at="2020-05-13T13:00:28 IST" name="getResult" finished-at="2020-05-13T13:00:28 IST" duration-ms="7" status="PASS">
          <params>
            <param index="0">
              <value>
                <![CDATA[[TestResult name=register status=SUCCESS method=ImplementLog4J.register(java.lang.String, java.lang.String, java.lang.String, java.lang.String, java.lang.String)[pri:0, instance:TestNGFrame.ImplementLog4J@6aeb35e6] output={null}]]]>
              </value>
            </param>
          </params>
          <reporter-output>
          </reporter-output>
        </test-method> <!-- getResult -->
        <test-method signature="register(java.lang.String, java.lang.String, java.lang.String, java.lang.String, java.lang.String)[pri:0, instance:TestNGFrame.ImplementLog4J@6aeb35e6]" started-at="2020-05-13T13:00:28 IST" name="register" data-provider="getTestData" finished-at="2020-05-13T13:00:54 IST" duration-ms="26160" status="PASS">
          <params>
            <param index="0">
              <value>
                <![CDATA[Saru]]>
              </value>
            </param>
            <param index="1">
              <value>
                <![CDATA[saru@gmail.com]]>
              </value>
            </param>
            <param index="2">
              <value>
                <![CDATA[9834563456]]>
              </value>
            </param>
            <param index="3">
              <value>
                <![CDATA[Male]]>
              </value>
            </param>
            <param index="4">
              <value>
                <![CDATA[India]]>
              </value>
            </param>
          </params>
          <reporter-output>
          </reporter-output>
        </test-method> <!-- register -->
        <test-method is-config="true" signature="getResult(org.testng.ITestResult)[pri:0, instance:TestNGFrame.ImplementLog4J@6aeb35e6]" started-at="2020-05-13T13:00:54 IST" name="getResult" finished-at="2020-05-13T13:00:54 IST" duration-ms="1" status="PASS">
          <params>
            <param index="0">
              <value>
                <![CDATA[[TestResult name=register status=SUCCESS method=ImplementLog4J.register(java.lang.String, java.lang.String, java.lang.String, java.lang.String, java.lang.String)[pri:0, instance:TestNGFrame.ImplementLog4J@6aeb35e6] output={null}]]]>
              </value>
            </param>
          </params>
          <reporter-output>
          </reporter-output>
        </test-method> <!-- getResult -->
        <test-method is-config="true" signature="endreport()[pri:0, instance:TestNGFrame.ImplementLog4J@6aeb35e6]" started-at="2020-05-13T13:00:54 IST" name="endreport" finished-at="2020-05-13T13:00:58 IST" duration-ms="3736" status="PASS">
          <reporter-output>
          </reporter-output>
        </test-method> <!-- endreport -->
      </class> <!-- TestNGFrame.ImplementLog4J -->
    </test> <!-- Default test -->
  </suite> <!-- Default suite -->
</testng-results>
